20180304 14:19:44.179 YuantaOrd 1.6.1.3 for ActiveX control
20180304 14:19:44.179 Create
20180304 14:19:44.179 SetFutOrdConnection(A127227042,pw,api.yuantafutures.com.tw,80)
20180304 14:19:44.213 return: 3
20180304 14:19:44.569 OnLogonS(4,找不到簽章憑證!,NULL,NULL)

20180304 14:20:03.277 YuantaOrd 1.6.1.3 for ActiveX control
20180304 14:20:03.277 Create
20180304 14:20:03.277 SetFutOrdConnection(A127227042,pw,api.yuantafutures.com.tw,80)
20180304 14:20:03.293 return: 3
20180304 14:20:03.652 OnLogonS(4,找不到簽章憑證!,NULL,NULL)

20180304 14:24:58.997 YuantaOrd 1.6.1.3 for ActiveX control
20180304 14:24:58.997 Create
20180304 14:24:59.000 SetFutOrdConnection(A127227042,pw,api.yuantafutures.com.tw,80)
20180304 14:24:59.005 return: 3
20180304 14:24:59.366 OnLogonS(2,2-P03-2587842--蕭凱(迪),SN=6AD435C2,0)

20180304 14:25:30.891 YuantaOrd 1.6.1.3 for ActiveX control
20180304 14:25:30.891 Create
20180304 14:25:30.893 SetFutOrdConnection(A127227042,pw,api.yuantafutures.com.tw,80)
20180304 14:25:30.899 return: 3
20180304 14:25:31.230 OnLogonS(2,2-P03-2587842--蕭凱(迪),SN=6AD435C2,0)

20180304 14:25:44.672 YuantaOrd 1.6.1.3 for ActiveX control
20180304 14:25:44.672 Create

20180304 14:25:45.018 YuantaOrd 1.6.1.3 for ActiveX control
20180304 14:25:45.018 Create
20180304 14:25:50.499 SetFutOrdConnection(A127227042,pw,api.yuantafutures.com.tw,80)
20180304 14:25:50.513 return: 3
20180304 14:25:56.658 OnLogonS(2,2-P03-2587842--蕭凱(迪),SN=6AD435C2,0)
20180304 14:28:34.418 OnLogonS(-1,NULL,NULL,NULL)

20180304 15:00:42.030 YuantaOrd 1.6.1.3 for ActiveX control
20180304 15:00:42.030 Create
20180304 15:00:49.124 SetFutOrdConnection(A127227042,pw,api.yuantafutures.com.tw,80)
20180304 15:00:49.144 return: 3
20180304 15:00:54.123 OnLogonS(2,2-P03-2587842--蕭凱(迪),SN=6AD435C2,0)

20180304 15:01:17.864 YuantaOrd 1.6.1.3 for ActiveX control
20180304 15:01:17.864 Create
20180304 15:01:20.649 SetFutOrdConnection(A127227042,pw,api.yuantafutures.com.tw,80)
20180304 15:01:20.657 return: 3
20180304 15:01:29.682 OnLogonS(2,2-P03-2587842--蕭凱(迪),SN=6AD435C2,0)

20180304 15:11:14.532 YuantaOrd 1.6.1.3 for ActiveX control
20180304 15:11:14.532 Create

20180304 15:11:34.728 YuantaOrd 1.6.1.3 for ActiveX control
20180304 15:11:34.728 Create
20180304 15:11:41.022 SetFutOrdConnection(A127227042,pw,api.yuantafutures.com.tw,80)
20180304 15:11:41.029 return: 3
20180304 15:11:44.544 OnLogonS(2,2-P03-2587842--蕭凱(迪),SN=6AD435C2,0)

20180304 15:17:54.699 YuantaOrd 1.6.1.3 for ActiveX control
20180304 15:17:54.699 Create
20180304 15:17:54.700 SetFutOrdConnection(A127227042,pw,api.yuantafutures.com.tw,80)
20180304 15:17:54.705 return: 3
20180304 15:17:55.039 OnLogonS(2,2-P03-2587842--蕭凱(迪),SN=6AD435C2,0)

20180304 15:30:35.217 YuantaOrd 1.6.1.3 for ActiveX control
20180304 15:30:35.217 Create
20180304 15:30:37.010 SetFutOrdConnection(A127227042,pw,api.yuantafutures.com.tw,80)
20180304 15:30:37.042 return: 3
20180304 15:30:38.080 OnLogonS(2,2-P03-2587842--蕭凱(迪),SN=6AD435C2,0)
20180304 15:31:16.296 UserDefinsFunc(Func=FA002|bhno=P03|acno=2587842|suba=|FC=N|kind=F,RA003)
20180304 15:31:16.296 return: 100

20180304 15:37:20.329 YuantaOrd 1.6.1.3 for ActiveX control
20180304 15:37:20.329 Create
20180304 15:37:20.930 SetFutOrdConnection(A127227042,pw,api.yuantafutures.com.tw,80)
20180304 15:37:20.946 return: 3
20180304 15:37:21.336 OnLogonS(2,2-P03-2587842--蕭凱(迪),SN=6AD435C2,0)
20180304 15:37:28.613 UserDefinsFunc(Func=FA002|bhno=P03|acno=2587842|suba=|FC=N|kind=F,RA003)
20180304 15:37:28.613 return: 100

20180304 15:38:45.801 YuantaOrd 1.6.1.3 for ActiveX control
20180304 15:38:45.801 Create
20180304 15:38:45.801 SetFutOrdConnection(A127227042,pw,api.yuantafutures.com.tw,80)
20180304 15:38:45.801 return: 3
20180304 15:38:46.237 OnLogonS(2,2-P03-2587842--蕭凱(迪),SN=6AD435C2,0)
20180304 15:38:51.377 UserDefinsFunc(Func=FA002|bhno=P03|acno=2587842|suba=|FC=N|kind=F,RA003)
20180304 15:38:51.377 return: 100

20180304 15:40:09.044 YuantaOrd 1.6.1.3 for ActiveX control
20180304 15:40:09.044 Create
20180304 15:40:09.044 SetFutOrdConnection(A127227042,pw,api.yuantafutures.com.tw,80)
20180304 15:40:09.044 return: 3
20180304 15:40:09.465 OnLogonS(2,2-P03-2587842--蕭凱(迪),SN=6AD435C2,0)
20180304 15:40:18.831 UserDefinsFunc(Func=FA002|bhno=P03|acno=2587842|suba=|FC=N|kind=F,RA003)
20180304 15:40:18.831 return: 100
20180304 15:40:22.437 OnUserDefinsFuncResult(1):RETC=00000|TIME=154019|EMSG=查詢完成 (1)|TOTAL_OFF_POSITION=3|SYMB=MXFC8|CURR=|TRADE_DATE=20180301|ORDER_NO=#5A608|TRANS_NO=003190|KIND=F|EXCHANGE=TIMEX|COMMODX=MXFC8|ID=MXFC8|SUB_NO=0|COMMODITY=FIMTX|MONTH=201803|CP=F|STRIKE_PRICE=0.00|BS=S|OFF_POSITION=3|PRICE=10670.0000|LAST_PRICE=10724.0000|OPEN_GL=-8100.00|CLEAR_CURRENCY=TWD|DAYTRADE_FLAG=N|IM=62250|MM=48000|UNIT=50|T_FLAG=1|T_FLAG_V=T
WorkID=RA003
20180304 15:41:08.815 UserDefinsFunc(Func=FA002|bhno=P03|acno=2587842|suba=|FC=N|kind=F,RA003)
20180304 15:41:08.815 return: 100

20180304 15:42:57.296 YuantaOrd 1.6.1.3 for ActiveX control
20180304 15:42:57.296 Create
20180304 15:42:57.296 SetFutOrdConnection(A127227042,pw,api.yuantafutures.com.tw,80)
20180304 15:42:57.296 return: 3
20180304 15:42:57.701 OnLogonS(2,2-P03-2587842--蕭凱(迪),SN=6AD435C2,0)
20180304 15:43:06.669 UserDefinsFunc(Func=FA002|bhno=P03|acno=2587842|suba=|FC=N|kind=F,RA003)
20180304 15:43:06.669 return: 100
20180304 15:43:10.203 OnUserDefinsFuncResult(1):RETC=00000|TIME=154307|EMSG=查詢完成 (1)|TOTAL_OFF_POSITION=3|SYMB=MXFC8|CURR=|TRADE_DATE=20180301|ORDER_NO=#5A608|TRANS_NO=003190|KIND=F|EXCHANGE=TIMEX|COMMODX=MXFC8|ID=MXFC8|SUB_NO=0|COMMODITY=FIMTX|MONTH=201803|CP=F|STRIKE_PRICE=0.00|BS=S|OFF_POSITION=3|PRICE=10670.0000|LAST_PRICE=10724.0000|OPEN_GL=-8100.00|CLEAR_CURRENCY=TWD|DAYTRADE_FLAG=N|IM=62250|MM=48000|UNIT=50|T_FLAG=1|T_FLAG_V=T
WorkID=RA003
20180304 15:43:57.279 UserDefinsFunc(Func=FA002|bhno=P03|acno=2587842|suba=|FC=N|kind=F,RA003)
20180304 15:43:57.279 return: 100

20180304 15:45:02.194 YuantaOrd 1.6.1.3 for ActiveX control
20180304 15:45:02.194 Create
20180304 15:45:02.194 SetFutOrdConnection(A127227042,pw,api.yuantafutures.com.tw,80)
20180304 15:45:02.194 return: 3
20180304 15:45:02.615 OnLogonS(2,2-P03-2587842--蕭凱(迪),SN=6AD435C2,0)
20180304 15:45:04.362 UserDefinsFunc(Func=FA002|bhno=P03|acno=2587842|suba=|FC=N|kind=F,RA003)
20180304 15:45:04.362 return: 100
20180304 15:45:04.372 OnUserDefinsFuncResult(1):RETC=00000|TIME=154505|EMSG=查詢完成 (1)|TOTAL_OFF_POSITION=3|SYMB=MXFC8|CURR=|TRADE_DATE=20180301|ORDER_NO=#5A608|TRANS_NO=003190|KIND=F|EXCHANGE=TIMEX|COMMODX=MXFC8|ID=MXFC8|SUB_NO=0|COMMODITY=FIMTX|MONTH=201803|CP=F|STRIKE_PRICE=0.00|BS=S|OFF_POSITION=3|PRICE=10670.0000|LAST_PRICE=10724.0000|OPEN_GL=-8100.00|CLEAR_CURRENCY=TWD|DAYTRADE_FLAG=N|IM=62250|MM=48000|UNIT=50|T_FLAG=1|T_FLAG_V=T
WorkID=RA003
20180304 15:45:48.222 UserDefinsFunc(Func=FA002|bhno=P03|acno=2587842|suba=|FC=N|kind=F,RA003)
20180304 15:45:48.222 return: 100
20180304 15:45:55.257 OnUserDefinsFuncResult(1):RETC=00000|TIME=154549|EMSG=查詢完成 (1)|TOTAL_OFF_POSITION=3|SYMB=MXFC8|CURR=|TRADE_DATE=20180301|ORDER_NO=#5A608|TRANS_NO=003190|KIND=F|EXCHANGE=TIMEX|COMMODX=MXFC8|ID=MXFC8|SUB_NO=0|COMMODITY=FIMTX|MONTH=201803|CP=F|STRIKE_PRICE=0.00|BS=S|OFF_POSITION=3|PRICE=10670.0000|LAST_PRICE=10724.0000|OPEN_GL=-8100.00|CLEAR_CURRENCY=TWD|DAYTRADE_FLAG=N|IM=62250|MM=48000|UNIT=50|T_FLAG=1|T_FLAG_V=T
WorkID=RA003

20180304 15:58:04.917 YuantaOrd 1.6.1.3 for ActiveX control
20180304 15:58:04.917 Create
20180304 15:58:04.917 SetFutOrdConnection(A127227042,pw,api.yuantafutures.com.tw,80)
20180304 15:58:04.917 return: 3
20180304 15:58:05.370 OnLogonS(2,2-P03-2587842--蕭凱(迪),SN=6AD435C2,0)
20180304 15:58:12.970 UserDefinsFunc(Func=FA002|bhno=P03|acno=2587842|suba=|FC=N|kind=F,RA003)
20180304 15:58:12.970 return: 100
20180304 15:58:12.980 OnUserDefinsFuncResult(1):RETC=00000|TIME=155813|EMSG=查詢完成 (1)|TOTAL_OFF_POSITION=3|SYMB=MXFC8|CURR=|TRADE_DATE=20180301|ORDER_NO=#5A608|TRANS_NO=003190|KIND=F|EXCHANGE=TIMEX|COMMODX=MXFC8|ID=MXFC8|SUB_NO=0|COMMODITY=FIMTX|MONTH=201803|CP=F|STRIKE_PRICE=0.00|BS=S|OFF_POSITION=3|PRICE=10670.0000|LAST_PRICE=10724.0000|OPEN_GL=-8100.00|CLEAR_CURRENCY=TWD|DAYTRADE_FLAG=N|IM=62250|MM=48000|UNIT=50|T_FLAG=1|T_FLAG_V=T
WorkID=RA003
20180304 15:58:43.909 UserDefinsFunc(Func=FA002|bhno=P03|acno=2587842|suba=|FC=N|kind=F,RA003)
20180304 15:58:43.909 return: 100
20180304 15:58:47.852 OnUserDefinsFuncResult(1):RETC=00000|TIME=155844|EMSG=查詢完成 (1)|TOTAL_OFF_POSITION=3|SYMB=MXFC8|CURR=|TRADE_DATE=20180301|ORDER_NO=#5A608|TRANS_NO=003190|KIND=F|EXCHANGE=TIMEX|COMMODX=MXFC8|ID=MXFC8|SUB_NO=0|COMMODITY=FIMTX|MONTH=201803|CP=F|STRIKE_PRICE=0.00|BS=S|OFF_POSITION=3|PRICE=10670.0000|LAST_PRICE=10724.0000|OPEN_GL=-8100.00|CLEAR_CURRENCY=TWD|DAYTRADE_FLAG=N|IM=62250|MM=48000|UNIT=50|T_FLAG=1|T_FLAG_V=T
WorkID=RA003

20180304 16:00:41.387 YuantaOrd 1.6.1.3 for ActiveX control
20180304 16:00:41.387 Create
20180304 16:00:41.387 SetFutOrdConnection(A127227042,pw,api.yuantafutures.com.tw,80)
20180304 16:00:41.387 return: 3
20180304 16:00:41.761 OnLogonS(2,2-P03-2587842--蕭凱(迪),SN=6AD435C2,0)
20180304 16:00:41.761 UserDefinsFunc(Func=FA002|bhno=P03|acno=2587842|suba=|FC=N|kind=F,RA003)
20180304 16:00:41.761 return: 100
20180304 16:00:41.761 OnUserDefinsFuncResult(1):RETC=00000|TIME=160042|EMSG=查詢完成 (1)|TOTAL_OFF_POSITION=3|SYMB=MXFC8|CURR=|TRADE_DATE=20180301|ORDER_NO=#5A608|TRANS_NO=003190|KIND=F|EXCHANGE=TIMEX|COMMODX=MXFC8|ID=MXFC8|SUB_NO=0|COMMODITY=FIMTX|MONTH=201803|CP=F|STRIKE_PRICE=0.00|BS=S|OFF_POSITION=3|PRICE=10670.0000|LAST_PRICE=10724.0000|OPEN_GL=-8100.00|CLEAR_CURRENCY=TWD|DAYTRADE_FLAG=N|IM=62250|MM=48000|UNIT=50|T_FLAG=1|T_FLAG_V=T
WorkID=RA003
20180304 16:01:06.440 UserDefinsFunc(Func=FA002|bhno=P03|acno=2587842|suba=|FC=N|kind=F,RA003)
20180304 16:01:06.441 return: 100
20180304 16:01:06.454 OnUserDefinsFuncResult(1):RETC=00000|TIME=160107|EMSG=查詢完成 (1)|TOTAL_OFF_POSITION=3|SYMB=MXFC8|CURR=|TRADE_DATE=20180301|ORDER_NO=#5A608|TRANS_NO=003190|KIND=F|EXCHANGE=TIMEX|COMMODX=MXFC8|ID=MXFC8|SUB_NO=0|COMMODITY=FIMTX|MONTH=201803|CP=F|STRIKE_PRICE=0.00|BS=S|OFF_POSITION=3|PRICE=10670.0000|LAST_PRICE=10724.0000|OPEN_GL=-8100.00|CLEAR_CURRENCY=TWD|DAYTRADE_FLAG=N|IM=62250|MM=48000|UNIT=50|T_FLAG=1|T_FLAG_V=T
WorkID=RA003
20180304 16:01:25.389 UserDefinsFunc(Func=FA002|bhno=P03|acno=2587842|suba=|FC=N|kind=F,RA003)
20180304 16:01:25.390 return: 100
20180304 16:01:25.398 OnUserDefinsFuncResult(1):RETC=00000|TIME=160126|EMSG=查詢完成 (1)|TOTAL_OFF_POSITION=3|SYMB=MXFC8|CURR=|TRADE_DATE=20180301|ORDER_NO=#5A608|TRANS_NO=003190|KIND=F|EXCHANGE=TIMEX|COMMODX=MXFC8|ID=MXFC8|SUB_NO=0|COMMODITY=FIMTX|MONTH=201803|CP=F|STRIKE_PRICE=0.00|BS=S|OFF_POSITION=3|PRICE=10670.0000|LAST_PRICE=10724.0000|OPEN_GL=-8100.00|CLEAR_CURRENCY=TWD|DAYTRADE_FLAG=N|IM=62250|MM=48000|UNIT=50|T_FLAG=1|T_FLAG_V=T
WorkID=RA003

20180304 16:01:49.950 YuantaOrd 1.6.1.3 for ActiveX control
20180304 16:01:49.950 Create
20180304 16:01:49.950 SetFutOrdConnection(A127227042,pw,api.yuantafutures.com.tw,80)
20180304 16:01:49.950 return: 3
20180304 16:01:50.340 OnLogonS(2,2-P03-2587842--蕭凱(迪),SN=6AD435C2,0)
20180304 16:01:50.340 UserDefinsFunc(Func=FA002|bhno=P03|acno=2587842|suba=|FC=N|kind=F,RA003)
20180304 16:01:50.340 return: 100
20180304 16:01:50.356 OnUserDefinsFuncResult(1):RETC=00000|TIME=160151|EMSG=查詢完成 (1)|TOTAL_OFF_POSITION=3|SYMB=MXFC8|CURR=|TRADE_DATE=20180301|ORDER_NO=#5A608|TRANS_NO=003190|KIND=F|EXCHANGE=TIMEX|COMMODX=MXFC8|ID=MXFC8|SUB_NO=0|COMMODITY=FIMTX|MONTH=201803|CP=F|STRIKE_PRICE=0.00|BS=S|OFF_POSITION=3|PRICE=10670.0000|LAST_PRICE=10724.0000|OPEN_GL=-8100.00|CLEAR_CURRENCY=TWD|DAYTRADE_FLAG=N|IM=62250|MM=48000|UNIT=50|T_FLAG=1|T_FLAG_V=T
WorkID=RA003
20180304 16:02:18.366 UserDefinsFunc(Func=FA002|bhno=P03|acno=2587842|suba=|FC=N|kind=F,RA003)
20180304 16:02:18.366 return: 100
20180304 16:02:18.379 OnUserDefinsFuncResult(1):RETC=00000|TIME=160219|EMSG=查詢完成 (1)|TOTAL_OFF_POSITION=3|SYMB=MXFC8|CURR=|TRADE_DATE=20180301|ORDER_NO=#5A608|TRANS_NO=003190|KIND=F|EXCHANGE=TIMEX|COMMODX=MXFC8|ID=MXFC8|SUB_NO=0|COMMODITY=FIMTX|MONTH=201803|CP=F|STRIKE_PRICE=0.00|BS=S|OFF_POSITION=3|PRICE=10670.0000|LAST_PRICE=10724.0000|OPEN_GL=-8100.00|CLEAR_CURRENCY=TWD|DAYTRADE_FLAG=N|IM=62250|MM=48000|UNIT=50|T_FLAG=1|T_FLAG_V=T
WorkID=RA003

20180304 16:07:44.868 YuantaOrd 1.6.1.3 for ActiveX control
20180304 16:07:44.868 Create
20180304 16:07:44.868 SetFutOrdConnection(A127227042,pw,api.yuantafutures.com.tw,80)
20180304 16:07:44.884 return: 3
20180304 16:07:45.383 OnLogonS(2,2-P03-2587842--蕭凱(迪),SN=6AD435C2,0)
20180304 16:07:45.383 UserDefinsFunc(Func=FA002|bhno=P03|acno=2587842|suba=|FC=N|kind=F,RA003)
20180304 16:07:45.383 return: 100
20180304 16:07:45.399 OnUserDefinsFuncResult(1):RETC=00000|TIME=160746|EMSG=查詢完成 (1)|TOTAL_OFF_POSITION=3|SYMB=MXFC8|CURR=|TRADE_DATE=20180301|ORDER_NO=#5A608|TRANS_NO=003190|KIND=F|EXCHANGE=TIMEX|COMMODX=MXFC8|ID=MXFC8|SUB_NO=0|COMMODITY=FIMTX|MONTH=201803|CP=F|STRIKE_PRICE=0.00|BS=S|OFF_POSITION=3|PRICE=10670.0000|LAST_PRICE=10724.0000|OPEN_GL=-8100.00|CLEAR_CURRENCY=TWD|DAYTRADE_FLAG=N|IM=62250|MM=48000|UNIT=50|T_FLAG=1|T_FLAG_V=T
WorkID=RA003

20180304 16:08:27.609 YuantaOrd 1.6.1.3 for ActiveX control
20180304 16:08:27.609 Create
20180304 16:08:27.609 SetFutOrdConnection(A127227042,pw,api.yuantafutures.com.tw,80)
20180304 16:08:27.609 return: 3
20180304 16:08:27.999 OnLogonS(2,2-P03-2587842--蕭凱(迪),SN=6AD435C2,0)
20180304 16:08:27.999 UserDefinsFunc(Func=FA002|bhno=P03|acno=2587842|suba=|FC=N|kind=F,RA003)
20180304 16:08:27.999 return: 100
20180304 16:08:28.015 OnUserDefinsFuncResult(1):RETC=00000|TIME=160829|EMSG=查詢完成 (1)|TOTAL_OFF_POSITION=3|SYMB=MXFC8|CURR=|TRADE_DATE=20180301|ORDER_NO=#5A608|TRANS_NO=003190|KIND=F|EXCHANGE=TIMEX|COMMODX=MXFC8|ID=MXFC8|SUB_NO=0|COMMODITY=FIMTX|MONTH=201803|CP=F|STRIKE_PRICE=0.00|BS=S|OFF_POSITION=3|PRICE=10670.0000|LAST_PRICE=10724.0000|OPEN_GL=-8100.00|CLEAR_CURRENCY=TWD|DAYTRADE_FLAG=N|IM=62250|MM=48000|UNIT=50|T_FLAG=1|T_FLAG_V=T
WorkID=RA003
20180304 16:08:40.925 UserDefinsFunc(Func=FA002|bhno=P03|acno=2587842|suba=|FC=N|kind=F,RA003)
20180304 16:08:40.925 return: 100
20180304 16:08:47.304 OnUserDefinsFuncResult(1):RETC=00000|TIME=160841|EMSG=查詢完成 (1)|TOTAL_OFF_POSITION=3|SYMB=MXFC8|CURR=|TRADE_DATE=20180301|ORDER_NO=#5A608|TRANS_NO=003190|KIND=F|EXCHANGE=TIMEX|COMMODX=MXFC8|ID=MXFC8|SUB_NO=0|COMMODITY=FIMTX|MONTH=201803|CP=F|STRIKE_PRICE=0.00|BS=S|OFF_POSITION=3|PRICE=10670.0000|LAST_PRICE=10724.0000|OPEN_GL=-8100.00|CLEAR_CURRENCY=TWD|DAYTRADE_FLAG=N|IM=62250|MM=48000|UNIT=50|T_FLAG=1|T_FLAG_V=T
WorkID=RA003
20180304 16:11:18.586 OnLogonS(-1,NULL,NULL,NULL)